app/build/intermediates/manifest_merge_blame_file/debug/manifest-merger-blame-debug-report.txt
1<?xml version="1.0" encoding="utf-8"?>
2<manifest xmlns:android="http://schemas.android.com/apk/res/android"
3    package="com.xtracover.xcqc"
4    android:versionCode="1"
5    android:versionName="1.0" >
6
7    <uses-sdk
7-->src\main\AndroidManifest.xml:12:5-14:41
8        android:minSdkVersion="21"
8-->src\main\AndroidManifest.xml:13:9-35
9        android:targetSdkVersion="33" />
9-->src\main\AndroidManifest.xml:14:9-38
10
11    <queries>
11-->src\main\AndroidManifest.xml:6:5-10:15
12        <intent>
12-->src\main\AndroidManifest.xml:7:9-9:18
13            <action android:name="android.speech.RecognitionService" />
13-->src\main\AndroidManifest.xml:8:13-72
13-->src\main\AndroidManifest.xml:8:21-69
14        </intent>
15    </queries>
16
17    <supports-screens
17-->src\main\AndroidManifest.xml:16:5-22:40
18        android:anyDensity="true"
18-->src\main\AndroidManifest.xml:17:9-34
19        android:largeScreens="true"
19-->src\main\AndroidManifest.xml:18:9-36
20        android:normalScreens="true"
20-->src\main\AndroidManifest.xml:19:9-37
21        android:resizeable="true"
21-->src\main\AndroidManifest.xml:20:9-34
22        android:smallScreens="true"
22-->src\main\AndroidManifest.xml:21:9-36
23        android:xlargeScreens="true" />
23-->src\main\AndroidManifest.xml:22:9-37
24
25    <uses-permission android:name="android.permission.SET_TIME" />
25-->src\main\AndroidManifest.xml:24:5-27:48
25-->src\main\AndroidManifest.xml:25:9-51
26
27    <permission
27-->src\main\AndroidManifest.xml:29:5-32:51
28        android:name="android.permission.SET_TIME"
28-->src\main\AndroidManifest.xml:30:9-51
29        android:protectionLevel="signature|system" />
29-->src\main\AndroidManifest.xml:31:9-51
30
31    <uses-feature android:name="android.hardware.touchscreen.multitouch" />
31-->src\main\AndroidManifest.xml:34:5-76
31-->src\main\AndroidManifest.xml:34:19-73
32
33    <uses-permission android:name="android.permission.ANSWER_PHONE_CALLS" />
33-->src\main\AndroidManifest.xml:36:5-77
33-->src\main\AndroidManifest.xml:36:22-74
34    <uses-permission android:name="android.permission.ACCESS_NOTIFICATION_POLICY" />
34-->src\main\AndroidManifest.xml:37:5-85
34-->src\main\AndroidManifest.xml:37:22-82
35    <uses-permission android:name="android.permission.BLUETOOTH" />
35-->src\main\AndroidManifest.xml:38:5-68
35-->src\main\AndroidManifest.xml:38:22-65
36    <uses-permission android:name="android.permission.BLUETOOTH_ADMIN" />
36-->src\main\AndroidManifest.xml:39:5-74
36-->src\main\AndroidManifest.xml:39:22-71
37
38    <uses-feature
38-->src\main\AndroidManifest.xml:41:5-43:35
39        android:name="android.hardware.sensor.proximity"
39-->src\main\AndroidManifest.xml:42:9-57
40        android:required="true" />
40-->src\main\AndroidManifest.xml:43:9-32
41    <uses-feature
41-->src\main\AndroidManifest.xml:44:5-46:35
42        android:name="android.hardware.sensor.gyroscope"
42-->src\main\AndroidManifest.xml:45:9-57
43        android:required="true" />
43-->src\main\AndroidManifest.xml:46:9-32
44
45    <uses-permission android:name="android.permission.BLUETOOTH_ADVERTISE" />
45-->src\main\AndroidManifest.xml:48:5-78
45-->src\main\AndroidManifest.xml:48:22-75
46    <uses-permission android:name="android.permission.BLUETOOTH_CONNECT" />
46-->src\main\AndroidManifest.xml:49:5-76
46-->src\main\AndroidManifest.xml:49:22-73
47    <uses-permission android:name="android.permission.ACCESS_BACKGROUND_LOCATION" />
47-->src\main\AndroidManifest.xml:50:5-85
47-->src\main\AndroidManifest.xml:50:22-82
48    <uses-permission
48-->src\main\AndroidManifest.xml:51:5-53:58
49        android:name="android.permission.BLUETOOTH_SCAN"
49-->src\main\AndroidManifest.xml:52:9-57
50        android:usesPermissionFlags="neverForLocation" /> <!-- bibo01 : hardware option -->
50-->src\main\AndroidManifest.xml:53:9-55
51    <uses-feature
51-->src\main\AndroidManifest.xml:54:5-56:36
52        android:name="android.hardware.bluetooth"
52-->src\main\AndroidManifest.xml:55:9-50
53        android:required="false" />
53-->src\main\AndroidManifest.xml:56:9-33
54    <uses-feature
54-->src\main\AndroidManifest.xml:57:5-59:36
55        android:name="android.hardware.bluetooth_le"
55-->src\main\AndroidManifest.xml:58:9-53
56        android:required="false" />
56-->src\main\AndroidManifest.xml:59:9-33
57    <uses-feature
57-->src\main\AndroidManifest.xml:60:5-62:36
58        android:name="android.hardware.BLUETOOTH"
58-->src\main\AndroidManifest.xml:61:9-50
59        android:required="false" />
59-->src\main\AndroidManifest.xml:62:9-33
60
61    <uses-permission android:name="android.permission.ACCESS_NETWORK_STATE" />
61-->src\main\AndroidManifest.xml:64:5-79
61-->src\main\AndroidManifest.xml:64:22-76
62    <uses-permission android:name="android.permission.ACCESS_COARSE_LOCATION" />
62-->src\main\AndroidManifest.xml:65:5-81
62-->src\main\AndroidManifest.xml:65:22-78
63    <uses-permission android:name="android.permission.ACCESS_FINE_LOCATION" />
63-->src\main\AndroidManifest.xml:66:5-79
63-->src\main\AndroidManifest.xml:66:22-76
64    <uses-permission android:name="android.permission.CAMERA" />
64-->src\main\AndroidManifest.xml:67:5-65
64-->src\main\AndroidManifest.xml:67:22-62
65    <uses-permission android:name="android.permission.USE_FINGERPRINT" />
65-->src\main\AndroidManifest.xml:68:5-74
65-->src\main\AndroidManifest.xml:68:22-71
66    <uses-permission android:name="android.permission.VIBRATE" />
66-->src\main\AndroidManifest.xml:69:5-66
66-->src\main\AndroidManifest.xml:69:22-63
67    <uses-permission android:name="android.permission.WRITE_EXTERNAL_STORAGE" />
67-->src\main\AndroidManifest.xml:70:5-81
67-->src\main\AndroidManifest.xml:70:22-78
68    <uses-permission android:name="android.permission.READ_EXTERNAL_STORAGE" />
68-->src\main\AndroidManifest.xml:71:5-80
68-->src\main\AndroidManifest.xml:71:22-77
69    <uses-permission android:name="android.permission.MANAGE_EXTERNAL_STORAGE" />
69-->src\main\AndroidManifest.xml:72:5-74:40
69-->src\main\AndroidManifest.xml:73:9-66
70    <uses-permission android:name="android.permission.WRITE_INTERNAL_STORAGE" />
70-->src\main\AndroidManifest.xml:75:5-81
70-->src\main\AndroidManifest.xml:75:22-78
71    <uses-permission android:name="android.permission.ACCESS_MEDIA_LOCATION" />
71-->src\main\AndroidManifest.xml:76:5-80
71-->src\main\AndroidManifest.xml:76:22-77
72    <uses-permission android:name="android.permission.INTERNET" />
72-->src\main\AndroidManifest.xml:77:5-67
72-->src\main\AndroidManifest.xml:77:22-64
73    <uses-permission android:name="android.permission.ACCESS_WIFI_STATE" />
73-->src\main\AndroidManifest.xml:78:5-76
73-->src\main\AndroidManifest.xml:78:22-73
74    <uses-permission android:name="android.permission.CHANGE_NETWORK_STATE" />
74-->src\main\AndroidManifest.xml:79:5-79
74-->src\main\AndroidManifest.xml:79:22-76
75    <uses-permission android:name="android.permission.READ_PHONE_STATE" />
75-->src\main\AndroidManifest.xml:80:5-75
75-->src\main\AndroidManifest.xml:80:22-72
76    <uses-permission android:name="android.permission.READ_CONTACTS" />
76-->src\main\AndroidManifest.xml:81:5-72
76-->src\main\AndroidManifest.xml:81:22-69
77    <uses-permission android:name="android.permission.FOREGROUND_SERVICE" />
77-->src\main\AndroidManifest.xml:82:5-77
77-->src\main\AndroidManifest.xml:82:22-74
78    <uses-permission android:name="android.permission.FOREGROUND_SERVICE_MEDIA_PLAYBACK" />
78-->src\main\AndroidManifest.xml:83:5-92
78-->src\main\AndroidManifest.xml:83:22-89
79    <uses-permission android:name="android.permission.MODIFY_AUDIO_SETTINGS" />
79-->src\main\AndroidManifest.xml:84:5-80
79-->src\main\AndroidManifest.xml:84:22-77
80    <uses-permission android:name="android.permission.DISABLE_KEYGUARD" />
80-->src\main\AndroidManifest.xml:85:5-75
80-->src\main\AndroidManifest.xml:85:22-72
81    <uses-permission android:name="android.permission.GET_ACCOUNTS" />
81-->src\main\AndroidManifest.xml:86:5-71
81-->src\main\AndroidManifest.xml:86:22-68
82    <uses-permission android:name="android.permission.WAKE_LOCK" />
82-->src\main\AndroidManifest.xml:87:5-68
82-->src\main\AndroidManifest.xml:87:22-65
83    <uses-permission android:name="com.google.android.c2dm.permission.RECEIVE" />
83-->src\main\AndroidManifest.xml:88:5-82
83-->src\main\AndroidManifest.xml:88:22-79
84    <uses-permission android:name="android.permission.ACCESS_LOCATION_EXTRA_COMMANDS" /> <!-- For Ultraviolet index -->
84-->src\main\AndroidManifest.xml:89:5-89
84-->src\main\AndroidManifest.xml:89:22-86
85    <uses-permission android:name="com.samsung.permission.SSENSOR" />
85-->src\main\AndroidManifest.xml:90:5-70
85-->src\main\AndroidManifest.xml:90:22-67
86    <uses-permission android:name="android.permission.SENSORS" />
86-->src\main\AndroidManifest.xml:91:5-66
86-->src\main\AndroidManifest.xml:91:22-63
87    <uses-permission android:name="com.samsung.permission.android.permission.BODY_SENSORS" /> <!-- For HRM raw data -->
87-->src\main\AndroidManifest.xml:92:5-94
87-->src\main\AndroidManifest.xml:92:22-91
88    <uses-permission android:name="com.samsung.permission.SSENSOR_HRM_RAW_PPG" /> <!-- For call handling data -->
88-->src\main\AndroidManifest.xml:93:5-82
88-->src\main\AndroidManifest.xml:93:22-79
89    <uses-permission android:name="android.permission.ACCESS_NOTIFICATION_POLICY" />
89-->src\main\AndroidManifest.xml:37:5-85
89-->src\main\AndroidManifest.xml:37:22-82
90    <uses-permission android:name="android.permission.MODIFY_PHONE_STATE" />
90-->src\main\AndroidManifest.xml:95:5-97:47
90-->src\main\AndroidManifest.xml:96:9-61
91    <uses-permission android:name="android.permission.CALL_PHONE" />
91-->src\main\AndroidManifest.xml:98:5-69
91-->src\main\AndroidManifest.xml:98:22-66
92    <uses-permission android:name="android.permission.RECEIVE_BOOT_COMPLETED" />
92-->src\main\AndroidManifest.xml:99:5-81
92-->src\main\AndroidManifest.xml:99:22-78
93    <uses-permission android:name="android.permission.BODY_SENSORS" />
93-->src\main\AndroidManifest.xml:100:5-71
93-->src\main\AndroidManifest.xml:100:22-68
94    <uses-permission android:name="android.permission.WRITE_SETTINGS" />
94-->src\main\AndroidManifest.xml:101:5-103:47
94-->src\main\AndroidManifest.xml:102:9-57
95    <uses-permission android:name="android.permission.WRITE_SECURE_SETTINGS" />
95-->src\main\AndroidManifest.xml:104:5-106:47
95-->src\main\AndroidManifest.xml:105:9-64
96    <uses-permission android:name="android.permission.USE_FINGERPRINT" />
96-->src\main\AndroidManifest.xml:68:5-74
96-->src\main\AndroidManifest.xml:68:22-71
97    <uses-permission android:name="android.permission.USE_BIOMETRIC" />
97-->src\main\AndroidManifest.xml:108:5-72
97-->src\main\AndroidManifest.xml:108:22-69
98    <uses-permission android:name="com.android.browser.permission.READ_HISTORY_BOOKMARKS" />
98-->src\main\AndroidManifest.xml:109:5-93
98-->src\main\AndroidManifest.xml:109:22-90
99    <uses-permission android:name="android.permission.CHANGE_WIFI_STATE" />
99-->src\main\AndroidManifest.xml:110:5-76
99-->src\main\AndroidManifest.xml:110:22-73
100    <uses-permission android:name="android.permission.USB_PERMISSION" />
100-->src\main\AndroidManifest.xml:111:5-73
100-->src\main\AndroidManifest.xml:111:22-70
101    <uses-permission android:name="android.permission.RECORD_AUDIO" />
101-->src\main\AndroidManifest.xml:112:5-71
101-->src\main\AndroidManifest.xml:112:22-68
102    <uses-permission android:name="android.permission.TRANSMIT_IR" />
102-->src\main\AndroidManifest.xml:113:5-70
102-->src\main\AndroidManifest.xml:113:22-67
103    <uses-permission android:name="android.permission.NFC" />
103-->src\main\AndroidManifest.xml:114:5-62
103-->src\main\AndroidManifest.xml:114:22-59
104    <uses-permission android:name="android.permission.RECORD_VIDEO" />
104-->src\main\AndroidManifest.xml:115:5-71
104-->src\main\AndroidManifest.xml:115:22-68
105    <uses-permission android:name="android.permission.MICROPHONE" />
105-->src\main\AndroidManifest.xml:116:5-69
105-->src\main\AndroidManifest.xml:116:22-66
106    <uses-permission android:name="android.permission.INTERNAL_SYSTEM_WINDOW" />
106-->src\main\AndroidManifest.xml:117:5-119:47
106-->src\main\AndroidManifest.xml:118:9-65
107    <uses-permission android:name="android.permission.SYSTEM_ALERT_WINDOW" />
107-->src\main\AndroidManifest.xml:120:5-78
107-->src\main\AndroidManifest.xml:120:22-75
108    <uses-permission android:name="android.permission.REBOOT" />
108-->src\main\AndroidManifest.xml:121:5-123:47
108-->src\main\AndroidManifest.xml:122:9-49
109    <uses-permission android:name="android.permission.ACTION_MANAGE_OVERLAY_PERMISSION" />
109-->src\main\AndroidManifest.xml:124:5-91
109-->src\main\AndroidManifest.xml:124:22-88
110    <uses-permission android:name="com.samsung.android.providers.context.permission.WRITE_USE_APP_FEATURE_SURVEY" />
110-->src\main\AndroidManifest.xml:125:5-117
110-->src\main\AndroidManifest.xml:125:22-114
111    <uses-permission android:name="android.permission.LOCAL_MAC_ADDRESS" />
111-->src\main\AndroidManifest.xml:126:5-128:47
111-->src\main\AndroidManifest.xml:127:9-60
112    <uses-permission android:name="android.permission.READ_PRIVILEGED_PHONE_STATE" />
112-->src\main\AndroidManifest.xml:129:5-131:47
112-->src\main\AndroidManifest.xml:130:9-70
113
114    <uses-feature android:name="android.hardware.camera" />
114-->src\main\AndroidManifest.xml:133:5-60
114-->src\main\AndroidManifest.xml:133:19-57
115    <uses-feature android:name="android.hardware.camera2.full" />
115-->src\main\AndroidManifest.xml:134:5-66
115-->src\main\AndroidManifest.xml:134:19-63
116    <uses-feature android:name="android.hardware.camera.front" />
116-->src\main\AndroidManifest.xml:135:5-66
116-->src\main\AndroidManifest.xml:135:19-63
117    <uses-feature android:name="android.hardware.camera.flash" />
117-->src\main\AndroidManifest.xml:136:5-66
117-->src\main\AndroidManifest.xml:136:19-63
118    <uses-feature android:name="android.hardware.camera.autofocus" />
118-->src\main\AndroidManifest.xml:137:5-70
118-->src\main\AndroidManifest.xml:137:19-67
119    <uses-feature
119-->src\main\AndroidManifest.xml:138:5-140:36
120        android:name="android.hardware.usb.host"
120-->src\main\AndroidManifest.xml:139:9-49
121        android:required="false" />
121-->src\main\AndroidManifest.xml:140:9-33
122    <uses-feature
122-->src\main\AndroidManifest.xml:141:5-143:35
123        android:name="android.hardware.nfc"
123-->src\main\AndroidManifest.xml:142:9-44
124        android:required="true" />
124-->src\main\AndroidManifest.xml:143:9-32
125
126    <application
126-->src\main\AndroidManifest.xml:145:5-372:19
127        android:allowBackup="true"
127-->src\main\AndroidManifest.xml:146:9-35
128        android:allowTaskReparenting="true"
128-->src\main\AndroidManifest.xml:147:9-44
129        android:appComponentFactory="androidx.core.app.CoreComponentFactory"
129-->[androidx.core:core:1.7.0] AndroidManifest.xml:24:18-86
130        android:debuggable="true"
131        android:hardwareAccelerated="false"
131-->src\main\AndroidManifest.xml:148:9-44
132        android:icon="@mipmap/ic_launcher_square"
132-->src\main\AndroidManifest.xml:149:9-50
133        android:label="@string/app_name"
133-->src\main\AndroidManifest.xml:150:9-41
134        android:largeHeap="true"
134-->src\main\AndroidManifest.xml:151:9-33
135        android:requestLegacyExternalStorage="true"
135-->src\main\AndroidManifest.xml:152:9-52
136        android:roundIcon="@mipmap/ic_launcher_circle"
136-->src\main\AndroidManifest.xml:153:9-55
137        android:supportsRtl="true"
137-->src\main\AndroidManifest.xml:154:9-35
138        android:theme="@style/BaseTheme"
138-->src\main\AndroidManifest.xml:155:9-41
139        android:usesCleartextTraffic="true" >
139-->src\main\AndroidManifest.xml:156:9-44
140        <activity
140-->src\main\AndroidManifest.xml:159:9-162:52
141            android:name="com.xtracover.xcqc.Activities.GradingActivity"
141-->src\main\AndroidManifest.xml:160:13-55
142            android:exported="false"
142-->src\main\AndroidManifest.xml:161:13-37
143            android:screenOrientation="portrait" />
143-->src\main\AndroidManifest.xml:162:13-49
144        <activity
144-->src\main\AndroidManifest.xml:163:9-165:52
145            android:name="com.xtracover.xcqc.Activities.AllTestDataSaveActivity"
145-->src\main\AndroidManifest.xml:164:13-63
146            android:screenOrientation="portrait" />
146-->src\main\AndroidManifest.xml:165:13-49
147        <activity
147-->src\main\AndroidManifest.xml:166:9-170:52
148            android:name="com.xtracover.xcqc.OthersTestAndRetestActivities.NfcTestActivity"
148-->src\main\AndroidManifest.xml:167:13-74
149            android:exported="false"
149-->src\main\AndroidManifest.xml:168:13-37
150            android:launchMode="singleTask"
150-->src\main\AndroidManifest.xml:169:13-44
151            android:screenOrientation="portrait" />
151-->src\main\AndroidManifest.xml:170:13-49
152        <activity
152-->src\main\AndroidManifest.xml:171:9-174:52
153            android:name="com.xtracover.xcqc.BatteryStressTestActivities.BatteryStartTestActivity"
153-->src\main\AndroidManifest.xml:172:13-81
154            android:launchMode="singleTask"
154-->src\main\AndroidManifest.xml:173:13-44
155            android:screenOrientation="portrait" />
155-->src\main\AndroidManifest.xml:174:13-49
156        <activity
156-->src\main\AndroidManifest.xml:175:9-178:52
157            android:name="com.xtracover.xcqc.BatteryStressTestActivities.BatteryTestResultsActivity"
157-->src\main\AndroidManifest.xml:176:13-83
158            android:launchMode="singleTask"
158-->src\main\AndroidManifest.xml:177:13-44
159            android:screenOrientation="portrait" />
159-->src\main\AndroidManifest.xml:178:13-49
160        <activity
160-->src\main\AndroidManifest.xml:179:9-183:52
161            android:name="com.xtracover.xcqc.AudioVideoTestAndRetestActivities.FrontCameraTestALActivity"
161-->src\main\AndroidManifest.xml:180:13-88
162            android:hardwareAccelerated="true"
162-->src\main\AndroidManifest.xml:181:13-47
163            android:launchMode="singleTask"
163-->src\main\AndroidManifest.xml:182:13-44
164            android:screenOrientation="portrait" />
164-->src\main\AndroidManifest.xml:183:13-49
165        <activity
165-->src\main\AndroidManifest.xml:184:9-188:52
166            android:name="com.xtracover.xcqc.AudioVideoTestAndRetestActivities.BackCameraTestALActivity"
166-->src\main\AndroidManifest.xml:185:13-87
167            android:hardwareAccelerated="true"
167-->src\main\AndroidManifest.xml:186:13-47
168            android:launchMode="singleTask"
168-->src\main\AndroidManifest.xml:187:13-44
169            android:screenOrientation="portrait" />
169-->src\main\AndroidManifest.xml:188:13-49
170        <activity android:name="com.xtracover.xcqc.OthersTestAndRetestActivities.ImeiValidationActivity" />
170-->src\main\AndroidManifest.xml:189:9-90
170-->src\main\AndroidManifest.xml:189:19-87
171        <activity
171-->src\main\AndroidManifest.xml:190:9-193:52
172            android:name="com.xtracover.xcqc.OthersTestAndRetestActivities.DeviceTemperatureActivity"
172-->src\main\AndroidManifest.xml:191:13-84
173            android:launchMode="singleTask"
173-->src\main\AndroidManifest.xml:192:13-44
174            android:screenOrientation="portrait" />
174-->src\main\AndroidManifest.xml:193:13-49
175        <activity
175-->src\main\AndroidManifest.xml:194:9-197:52
176            android:name="com.xtracover.xcqc.OthersTestAndRetestActivities.CpuPerformanceActivity"
176-->src\main\AndroidManifest.xml:195:13-81
177            android:launchMode="singleTask"
177-->src\main\AndroidManifest.xml:196:13-44
178            android:screenOrientation="portrait" />
178-->src\main\AndroidManifest.xml:197:13-49
179        <activity
179-->src\main\AndroidManifest.xml:198:9-200:47
180            android:name="com.xtracover.xcqc.OthersTestAndRetestActivities.OrientationActivity"
180-->src\main\AndroidManifest.xml:199:13-78
181            android:launchMode="singleTask" />
181-->src\main\AndroidManifest.xml:200:13-44
182        <activity
182-->src\main\AndroidManifest.xml:201:9-204:52
183            android:name="com.xtracover.xcqc.OthersTestAndRetestActivities.FmRadioActivity"
183-->src\main\AndroidManifest.xml:202:13-74
184            android:launchMode="singleTask"
184-->src\main\AndroidManifest.xml:203:13-44
185            android:screenOrientation="portrait" />
185-->src\main\AndroidManifest.xml:204:13-49
186        <activity
186-->src\main\AndroidManifest.xml:205:9-208:52
187            android:name="com.xtracover.xcqc.OthersTestAndRetestActivities.NfcSensorActivity"
187-->src\main\AndroidManifest.xml:206:13-76
188            android:launchMode="singleTask"
188-->src\main\AndroidManifest.xml:207:13-44
189            android:screenOrientation="portrait" />
189-->src\main\AndroidManifest.xml:208:13-49
190        <activity
190-->src\main\AndroidManifest.xml:209:9-211:52
191            android:name="com.xtracover.xcqc.OthersTestAndRetestActivities.GrHuMdSdScUvLsIrHasActivity"
191-->src\main\AndroidManifest.xml:210:13-86
192            android:screenOrientation="portrait" />
192-->src\main\AndroidManifest.xml:211:13-49
193        <activity
193-->src\main\AndroidManifest.xml:212:9-215:52
194            android:name="com.xtracover.xcqc.OthersTestAndRetestActivities.BiometricTestActivity"
194-->src\main\AndroidManifest.xml:213:13-80
195            android:launchMode="singleTask"
195-->src\main\AndroidManifest.xml:214:13-44
196            android:screenOrientation="portrait" />
196-->src\main\AndroidManifest.xml:215:13-49
197        <activity
197-->src\main\AndroidManifest.xml:216:9-218:52
198            android:name="com.xtracover.xcqc.OthersTestAndRetestActivities.GyroscopeGamingSensorActivity"
198-->src\main\AndroidManifest.xml:217:13-88
199            android:screenOrientation="portrait" />
199-->src\main\AndroidManifest.xml:218:13-49
200        <activity
200-->src\main\AndroidManifest.xml:219:9-222:52
201            android:name="com.xtracover.xcqc.OthersTestAndRetestActivities.OtgActivity"
201-->src\main\AndroidManifest.xml:220:13-70
202            android:launchMode="singleTask"
202-->src\main\AndroidManifest.xml:221:13-44
203            android:screenOrientation="portrait" />
203-->src\main\AndroidManifest.xml:222:13-49
204        <activity
204-->src\main\AndroidManifest.xml:223:9-226:52
205            android:name="com.xtracover.xcqc.OthersTestAndRetestActivities.UsbTestActivity"
205-->src\main\AndroidManifest.xml:224:13-74
206            android:launchMode="singleTask"
206-->src\main\AndroidManifest.xml:225:13-44
207            android:screenOrientation="portrait" />
207-->src\main\AndroidManifest.xml:226:13-49
208        <activity
208-->src\main\AndroidManifest.xml:227:9-230:52
209            android:name="com.xtracover.xcqc.OthersTestAndRetestActivities.ChargingTestActivity"
209-->src\main\AndroidManifest.xml:228:13-79
210            android:launchMode="singleTask"
210-->src\main\AndroidManifest.xml:229:13-44
211            android:screenOrientation="portrait" />
211-->src\main\AndroidManifest.xml:230:13-49
212        <activity
212-->src\main\AndroidManifest.xml:231:9-233:52
213            android:name="com.xtracover.xcqc.OthersTestAndRetestActivities.VolumeUpDownHBPKActivity"
213-->src\main\AndroidManifest.xml:232:13-83
214            android:screenOrientation="portrait" />
214-->src\main\AndroidManifest.xml:233:13-49
215        <activity
215-->src\main\AndroidManifest.xml:234:9-237:52
216            android:name="com.xtracover.xcqc.OthersTestAndRetestActivities.ProximityActivity"
216-->src\main\AndroidManifest.xml:235:13-76
217            android:launchMode="singleTask"
217-->src\main\AndroidManifest.xml:236:13-44
218            android:screenOrientation="portrait" />
218-->src\main\AndroidManifest.xml:237:13-49
219        <activity
219-->src\main\AndroidManifest.xml:238:9-240:52
220            android:name="com.xtracover.xcqc.OthersTestAndRetestActivities.InternalExternalStorageActivity"
220-->src\main\AndroidManifest.xml:239:13-90
221            android:screenOrientation="portrait" />
221-->src\main\AndroidManifest.xml:240:13-49
222        <activity
222-->src\main\AndroidManifest.xml:241:9-244:52
223            android:name="com.xtracover.xcqc.OthersTestAndRetestActivities.BatteryActivity"
223-->src\main\AndroidManifest.xml:242:13-74
224            android:launchMode="singleTask"
224-->src\main\AndroidManifest.xml:243:13-44
225            android:screenOrientation="portrait" />
225-->src\main\AndroidManifest.xml:244:13-49
226        <activity
226-->src\main\AndroidManifest.xml:245:9-247:52
227            android:name="com.xtracover.xcqc.NetworkTestAndRetestActivities.NetworkSignalFirstSecondActivity"
227-->src\main\AndroidManifest.xml:246:13-92
228            android:screenOrientation="portrait" />
228-->src\main\AndroidManifest.xml:247:13-49
229        <activity
229-->src\main\AndroidManifest.xml:248:9-250:52
230            android:name="com.xtracover.xcqc.NetworkTestAndRetestActivities.WifiInternetGpsActivity"
230-->src\main\AndroidManifest.xml:249:13-83
231            android:screenOrientation="portrait" />
231-->src\main\AndroidManifest.xml:250:13-49
232        <activity
232-->src\main\AndroidManifest.xml:251:9-253:52
233            android:name="com.xtracover.xcqc.AudioVideoTestAndRetestActivities.FlashFrontTorchActivity"
233-->src\main\AndroidManifest.xml:252:13-86
234            android:screenOrientation="portrait" />
234-->src\main\AndroidManifest.xml:253:13-49
235        <activity
235-->src\main\AndroidManifest.xml:254:9-257:52
236            android:name="com.xtracover.xcqc.AudioVideoTestAndRetestActivities.MicrophoneActivity"
236-->src\main\AndroidManifest.xml:255:13-81
237            android:hardwareAccelerated="true"
237-->src\main\AndroidManifest.xml:256:13-47
238            android:screenOrientation="portrait" />
238-->src\main\AndroidManifest.xml:257:13-49
239        <activity
239-->src\main\AndroidManifest.xml:258:9-261:52
240            android:name="com.xtracover.xcqc.AudioVideoTestAndRetestActivities.AudioPlaybackActivity"
240-->src\main\AndroidManifest.xml:259:13-84
241            android:launchMode="singleTask"
241-->src\main\AndroidManifest.xml:260:13-44
242            android:screenOrientation="portrait" />
242-->src\main\AndroidManifest.xml:261:13-49
243        <activity
243-->src\main\AndroidManifest.xml:262:9-265:52
244            android:name="com.xtracover.xcqc.AudioVideoTestAndRetestActivities.ReceiverActivity"
244-->src\main\AndroidManifest.xml:263:13-79
245            android:launchMode="singleTask"
245-->src\main\AndroidManifest.xml:264:13-44
246            android:screenOrientation="portrait" />
246-->src\main\AndroidManifest.xml:265:13-49
247        <activity
247-->src\main\AndroidManifest.xml:266:9-269:52
248            android:name="com.xtracover.xcqc.AudioVideoTestAndRetestActivities.LoudSpeakerActivity"
248-->src\main\AndroidManifest.xml:267:13-82
249            android:launchMode="singleTask"
249-->src\main\AndroidManifest.xml:268:13-44
250            android:screenOrientation="portrait" />
250-->src\main\AndroidManifest.xml:269:13-49
251        <activity
251-->src\main\AndroidManifest.xml:270:9-272:52
252            android:name="com.xtracover.xcqc.AudioVideoTestAndRetestActivities.EarphoneJMKActivity"
252-->src\main\AndroidManifest.xml:271:13-82
253            android:screenOrientation="portrait" />
253-->src\main\AndroidManifest.xml:272:13-49
254        <activity
254-->src\main\AndroidManifest.xml:273:9-275:52
255            android:name="com.xtracover.xcqc.AudioVideoTestAndRetestActivities.BluetoothActivity"
255-->src\main\AndroidManifest.xml:274:13-80
256            android:screenOrientation="portrait" />
256-->src\main\AndroidManifest.xml:275:13-49
257        <activity
257-->src\main\AndroidManifest.xml:276:9-280:52
258            android:name="com.xtracover.xcqc.AudioVideoTestAndRetestActivities.FrontVideoRecordingActivity"
258-->src\main\AndroidManifest.xml:277:13-90
259            android:hardwareAccelerated="true"
259-->src\main\AndroidManifest.xml:278:13-47
260            android:launchMode="singleTask"
260-->src\main\AndroidManifest.xml:279:13-44
261            android:screenOrientation="portrait" />
261-->src\main\AndroidManifest.xml:280:13-49
262        <activity
262-->src\main\AndroidManifest.xml:281:9-285:52
263            android:name="com.xtracover.xcqc.AudioVideoTestAndRetestActivities.BackVideoRecordingActivity"
263-->src\main\AndroidManifest.xml:282:13-89
264            android:hardwareAccelerated="true"
264-->src\main\AndroidManifest.xml:283:13-47
265            android:launchMode="singleTask"
265-->src\main\AndroidManifest.xml:284:13-44
266            android:screenOrientation="portrait" />
266-->src\main\AndroidManifest.xml:285:13-49
267        <activity
267-->src\main\AndroidManifest.xml:286:9-290:52
268            android:name="com.xtracover.xcqc.AudioVideoTestAndRetestActivities.CameraAutoFocusActivity"
268-->src\main\AndroidManifest.xml:287:13-86
269            android:hardwareAccelerated="true"
269-->src\main\AndroidManifest.xml:288:13-47
270            android:launchMode="singleTask"
270-->src\main\AndroidManifest.xml:289:13-44
271            android:screenOrientation="portrait" />
271-->src\main\AndroidManifest.xml:290:13-49
272        <activity
272-->src\main\AndroidManifest.xml:291:9-294:52
273            android:name="com.xtracover.xcqc.DisplayTestAndRetestActivities.DisplayBrightnessActivity"
273-->src\main\AndroidManifest.xml:292:13-85
274            android:launchMode="singleTask"
274-->src\main\AndroidManifest.xml:293:13-44
275            android:screenOrientation="portrait" />
275-->src\main\AndroidManifest.xml:294:13-49
276        <activity
276-->src\main\AndroidManifest.xml:295:9-299:52